<?xml version="1.0" encoding="UTF-8"?>
<testng-results ignored="0" total="1" passed="1" failed="0" skipped="0">
  <reporter-output>
  </reporter-output>
  <suite started-at="2021-06-19T19:31:53 IST" name="softwaretestingmaterial" finished-at="2021-06-19T19:32:01 IST" duration-ms="7184">
    <groups>
    </groups>
    <test started-at="2021-06-19T19:31:53 IST" name="testDemo" finished-at="2021-06-19T19:32:01 IST" duration-ms="7184">
      <class name="com.selenium.testscript.NewTest">
        <test-method is-config="true" signature="beforeTest()[pri:0, instance:com.selenium.testscript.NewTest@663c9e7a]" started-at="2021-06-19T19:31:53 IST" name="beforeTest" finished-at="2021-06-19T19:31:57 IST" duration-ms="3250" status="PASS">
          <reporter-output>
          </reporter-output>
        </test-method> <!-- beforeTest -->
        <test-method signature="testDemo()[pri:0, instance:com.selenium.testscript.NewTest@663c9e7a]" started-at="2021-06-19T19:31:57 IST" name="testDemo" finished-at="2021-06-19T19:31:59 IST" duration-ms="2569" status="PASS">
          <reporter-output>
          </reporter-output>
        </test-method> <!-- testDemo -->
        <test-method is-config="true" signature="afterTest()[pri:0, instance:com.selenium.testscript.NewTest@663c9e7a]" started-at="2021-06-19T19:31:59 IST" name="afterTest" finished-at="2021-06-19T19:32:01 IST" duration-ms="1218" status="PASS">
          <reporter-output>
          </reporter-output>
        </test-method> <!-- afterTest -->
      </class> <!-- com.selenium.testscript.NewTest -->
    </test> <!-- testDemo -->
  </suite> <!-- softwaretestingmaterial -->
</testng-results>
